<?xml version="1.0" encoding="UTF-8"?>
<!-- Generated by org.testng.reporters.JUnitReportReporter -->
<testsuite skipped="0" hostname="Rana-Vettayan" name="typesOfVariable.sample" tests="2" failures="0" timestamp="01 Sep 2022 05:43:34 GMT" time="0.047" errors="0">
  <testcase name="t02" time="0.004" classname="typesOfVariable.sample"/>
  <testcase name="t01" time="0.043" classname="typesOfVariable.sample"/>
</testsuite> <!-- typesOfVariable.sample -->
